<?xml version="1.0" encoding="UTF-8"?>
<testsuite xmlns:xsi="http://www.w3.org/2001/XMLSchema-instance" xsi:noNamespaceSchemaLocation="https://maven.apache.org/surefire/maven-surefire-plugin/xsd/surefire-test-report-3.0.xsd" version="3.0" name="com.example.xavier.XavierApplicationTests" time="11.382" tests="1" errors="0" skipped="0" failures="0">
  <properties>
    <property name="java.specification.version" value="21"/>
    <property name="sun.jnu.encoding" value="UTF-8"/>
    <property name="java.class.path" value="/Users/apple/Desktop/SpringLogin/backend/xavierb/target/test-classes:/Users/apple/Desktop/SpringLogin/backend/xavierb/target/classes:/Users/apple/.m2/repository/org/springframework/boot/spring-boot-starter-web/3.3.0-M3/spring-boot-starter-web-3.3.0-M3.jar:/Users/apple/.m2/repository/org/springframework/boot/spring-boot-starter/3.3.0-M3/spring-boot-starter-3.3.0-M3.jar:/Users/apple/.m2/repository/org/springframework/boot/spring-boot-starter-logging/3.3.0-M3/spring-boot-starter-logging-3.3.0-M3.jar:/Users/apple/.m2/repository/ch/qos/logback/logback-classic/1.4.14/logback-classic-1.4.14.jar:/Users/apple/.m2/repository/ch/qos/logback/logback-core/1.4.14/logback-core-1.4.14.jar:/Users/apple/.m2/repository/org/apache/logging/log4j/log4j-to-slf4j/2.23.1/log4j-to-slf4j-2.23.1.jar:/Users/apple/.m2/repository/org/apache/logging/log4j/log4j-api/2.23.1/log4j-api-2.23.1.jar:/Users/apple/.m2/repository/org/slf4j/jul-to-slf4j/2.0.12/jul-to-slf4j-2.0.12.jar:/Users/apple/.m2/repository/jakarta/annotation/jakarta.annotation-api/2.1.1/jakarta.annotation-api-2.1.1.jar:/Users/apple/.m2/repository/org/yaml/snakeyaml/2.2/snakeyaml-2.2.jar:/Users/apple/.m2/repository/org/springframework/boot/spring-boot-starter-json/3.3.0-M3/spring-boot-starter-json-3.3.0-M3.jar:/Users/apple/.m2/repository/com/fasterxml/jackson/core/jackson-databind/2.17.0/jackson-databind-2.17.0.jar:/Users/apple/.m2/repository/com/fasterxml/jackson/core/jackson-annotations/2.17.0/jackson-annotations-2.17.0.jar:/Users/apple/.m2/repository/com/fasterxml/jackson/core/jackson-core/2.17.0/jackson-core-2.17.0.jar:/Users/apple/.m2/repository/com/fasterxml/jackson/datatype/jackson-datatype-jdk8/2.17.0/jackson-datatype-jdk8-2.17.0.jar:/Users/apple/.m2/repository/com/fasterxml/jackson/datatype/jackson-datatype-jsr310/2.17.0/jackson-datatype-jsr310-2.17.0.jar:/Users/apple/.m2/repository/com/fasterxml/jackson/module/jackson-module-parameter-names/2.17.0/jackson-module-parameter-names-2.17.0.jar:/Users/apple/.m2/repository/org/springframework/boot/spring-boot-starter-tomcat/3.3.0-M3/spring-boot-starter-tomcat-3.3.0-M3.jar:/Users/apple/.m2/repository/org/apache/tomcat/embed/tomcat-embed-core/10.1.19/tomcat-embed-core-10.1.19.jar:/Users/apple/.m2/repository/org/apache/tomcat/embed/tomcat-embed-el/10.1.19/tomcat-embed-el-10.1.19.jar:/Users/apple/.m2/repository/org/apache/tomcat/embed/tomcat-embed-websocket/10.1.19/tomcat-embed-websocket-10.1.19.jar:/Users/apple/.m2/repository/org/springframework/spring-web/6.1.5/spring-web-6.1.5.jar:/Users/apple/.m2/repository/org/springframework/spring-beans/6.1.5/spring-beans-6.1.5.jar:/Users/apple/.m2/repository/io/micrometer/micrometer-observation/1.13.0-M2/micrometer-observation-1.13.0-M2.jar:/Users/apple/.m2/repository/io/micrometer/micrometer-commons/1.13.0-M2/micrometer-commons-1.13.0-M2.jar:/Users/apple/.m2/repository/org/springframework/spring-webmvc/6.1.5/spring-webmvc-6.1.5.jar:/Users/apple/.m2/repository/org/springframework/spring-context/6.1.5/spring-context-6.1.5.jar:/Users/apple/.m2/repository/org/springframework/spring-expression/6.1.5/spring-expression-6.1.5.jar:/Users/apple/.m2/repository/org/springframework/boot/spring-boot-devtools/3.3.0-M3/spring-boot-devtools-3.3.0-M3.jar:/Users/apple/.m2/repository/org/springframework/boot/spring-boot/3.3.0-M3/spring-boot-3.3.0-M3.jar:/Users/apple/.m2/repository/org/springframework/boot/spring-boot-autoconfigure/3.3.0-M3/spring-boot-autoconfigure-3.3.0-M3.jar:/Users/apple/.m2/repository/org/springframework/boot/spring-boot-starter-test/3.3.0-M3/spring-boot-starter-test-3.3.0-M3.jar:/Users/apple/.m2/repository/org/springframework/boot/spring-boot-test/3.3.0-M3/spring-boot-test-3.3.0-M3.jar:/Users/apple/.m2/repository/org/springframework/boot/spring-boot-test-autoconfigure/3.3.0-M3/spring-boot-test-autoconfigure-3.3.0-M3.jar:/Users/apple/.m2/repository/com/jayway/jsonpath/json-path/2.9.0/json-path-2.9.0.jar:/Users/apple/.m2/repository/org/slf4j/slf4j-api/2.0.12/slf4j-api-2.0.12.jar:/Users/apple/.m2/repository/jakarta/xml/bind/jakarta.xml.bind-api/4.0.2/jakarta.xml.bind-api-4.0.2.jar:/Users/apple/.m2/repository/jakarta/activation/jakarta.activation-api/2.1.3/jakarta.activation-api-2.1.3.jar:/Users/apple/.m2/repository/net/minidev/json-smart/2.5.0/json-smart-2.5.0.jar:/Users/apple/.m2/repository/net/minidev/accessors-smart/2.5.0/accessors-smart-2.5.0.jar:/Users/apple/.m2/repository/org/ow2/asm/asm/9.3/asm-9.3.jar:/Users/apple/.m2/repository/org/assertj/assertj-core/3.25.3/assertj-core-3.25.3.jar:/Users/apple/.m2/repository/net/bytebuddy/byte-buddy/1.14.12/byte-buddy-1.14.12.jar:/Users/apple/.m2/repository/org/awaitility/awaitility/4.2.0/awaitility-4.2.0.jar:/Users/apple/.m2/repository/org/hamcrest/hamcrest/2.2/hamcrest-2.2.jar:/Users/apple/.m2/repository/org/junit/jupiter/junit-jupiter/5.10.2/junit-jupiter-5.10.2.jar:/Users/apple/.m2/repository/org/junit/jupiter/junit-jupiter-api/5.10.2/junit-jupiter-api-5.10.2.jar:/Users/apple/.m2/repository/org/opentest4j/opentest4j/1.3.0/opentest4j-1.3.0.jar:/Users/apple/.m2/repository/org/junit/platform/junit-platform-commons/1.10.2/junit-platform-commons-1.10.2.jar:/Users/apple/.m2/repository/org/apiguardian/apiguardian-api/1.1.2/apiguardian-api-1.1.2.jar:/Users/apple/.m2/repository/org/junit/jupiter/junit-jupiter-params/5.10.2/junit-jupiter-params-5.10.2.jar:/Users/apple/.m2/repository/org/junit/jupiter/junit-jupiter-engine/5.10.2/junit-jupiter-engine-5.10.2.jar:/Users/apple/.m2/repository/org/junit/platform/junit-platform-engine/1.10.2/junit-platform-engine-1.10.2.jar:/Users/apple/.m2/repository/org/mockito/mockito-core/5.11.0/mockito-core-5.11.0.jar:/Users/apple/.m2/repository/net/bytebuddy/byte-buddy-agent/1.14.12/byte-buddy-agent-1.14.12.jar:/Users/apple/.m2/repository/org/objenesis/objenesis/3.3/objenesis-3.3.jar:/Users/apple/.m2/repository/org/mockito/mockito-junit-jupiter/5.11.0/mockito-junit-jupiter-5.11.0.jar:/Users/apple/.m2/repository/org/skyscreamer/jsonassert/1.5.1/jsonassert-1.5.1.jar:/Users/apple/.m2/repository/com/vaadin/external/google/android-json/0.0.20131108.vaadin1/android-json-0.0.20131108.vaadin1.jar:/Users/apple/.m2/repository/org/springframework/spring-core/6.1.5/spring-core-6.1.5.jar:/Users/apple/.m2/repository/org/springframework/spring-jcl/6.1.5/spring-jcl-6.1.5.jar:/Users/apple/.m2/repository/org/springframework/spring-test/6.1.5/spring-test-6.1.5.jar:/Users/apple/.m2/repository/org/xmlunit/xmlunit-core/2.9.1/xmlunit-core-2.9.1.jar:/Users/apple/.m2/repository/org/springframework/boot/spring-boot-starter-security/3.3.0-M3/spring-boot-starter-security-3.3.0-M3.jar:/Users/apple/.m2/repository/org/springframework/spring-aop/6.1.5/spring-aop-6.1.5.jar:/Users/apple/.m2/repository/org/springframework/security/spring-security-config/6.3.0-M3/spring-security-config-6.3.0-M3.jar:/Users/apple/.m2/repository/org/springframework/security/spring-security-core/6.3.0-M3/spring-security-core-6.3.0-M3.jar:/Users/apple/.m2/repository/org/springframework/security/spring-security-crypto/6.3.0-M3/spring-security-crypto-6.3.0-M3.jar:/Users/apple/.m2/repository/org/springframework/security/spring-security-web/6.3.0-M3/spring-security-web-6.3.0-M3.jar:/Users/apple/.m2/repository/com/h2database/h2/2.2.224/h2-2.2.224.jar:/Users/apple/.m2/repository/org/springframework/boot/spring-boot-starter-data-jpa/3.3.0-M3/spring-boot-starter-data-jpa-3.3.0-M3.jar:/Users/apple/.m2/repository/org/springframework/boot/spring-boot-starter-aop/3.3.0-M3/spring-boot-starter-aop-3.3.0-M3.jar:/Users/apple/.m2/repository/org/aspectj/aspectjweaver/1.9.21/aspectjweaver-1.9.21.jar:/Users/apple/.m2/repository/org/springframework/boot/spring-boot-starter-jdbc/3.3.0-M3/spring-boot-starter-jdbc-3.3.0-M3.jar:/Users/apple/.m2/repository/com/zaxxer/HikariCP/5.1.0/HikariCP-5.1.0.jar:/Users/apple/.m2/repository/org/springframework/spring-jdbc/6.1.5/spring-jdbc-6.1.5.jar:/Users/apple/.m2/repository/org/hibernate/orm/hibernate-core/6.4.4.Final/hibernate-core-6.4.4.Final.jar:/Users/apple/.m2/repository/jakarta/persistence/jakarta.persistence-api/3.1.0/jakarta.persistence-api-3.1.0.jar:/Users/apple/.m2/repository/jakarta/transaction/jakarta.transaction-api/2.0.1/jakarta.transaction-api-2.0.1.jar:/Users/apple/.m2/repository/org/jboss/logging/jboss-logging/3.5.3.Final/jboss-logging-3.5.3.Final.jar:/Users/apple/.m2/repository/org/hibernate/common/hibernate-commons-annotations/6.0.6.Final/hibernate-commons-annotations-6.0.6.Final.jar:/Users/apple/.m2/repository/io/smallrye/jandex/3.1.2/jandex-3.1.2.jar:/Users/apple/.m2/repository/com/fasterxml/classmate/1.7.0/classmate-1.7.0.jar:/Users/apple/.m2/repository/org/glassfish/jaxb/jaxb-runtime/4.0.5/jaxb-runtime-4.0.5.jar:/Users/apple/.m2/repository/org/glassfish/jaxb/jaxb-core/4.0.5/jaxb-core-4.0.5.jar:/Users/apple/.m2/repository/org/eclipse/angus/angus-activation/2.0.2/angus-activation-2.0.2.jar:/Users/apple/.m2/repository/org/glassfish/jaxb/txw2/4.0.5/txw2-4.0.5.jar:/Users/apple/.m2/repository/com/sun/istack/istack-commons-runtime/4.1.2/istack-commons-runtime-4.1.2.jar:/Users/apple/.m2/repository/jakarta/inject/jakarta.inject-api/2.0.1/jakarta.inject-api-2.0.1.jar:/Users/apple/.m2/repository/org/antlr/antlr4-runtime/4.13.0/antlr4-runtime-4.13.0.jar:/Users/apple/.m2/repository/org/springframework/data/spring-data-jpa/3.3.0-M2/spring-data-jpa-3.3.0-M2.jar:/Users/apple/.m2/repository/org/springframework/data/spring-data-commons/3.3.0-M2/spring-data-commons-3.3.0-M2.jar:/Users/apple/.m2/repository/org/springframework/spring-orm/6.1.5/spring-orm-6.1.5.jar:/Users/apple/.m2/repository/org/springframework/spring-tx/6.1.5/spring-tx-6.1.5.jar:/Users/apple/.m2/repository/org/springframework/spring-aspects/6.1.5/spring-aspects-6.1.5.jar:"/>
    <property name="java.vm.vendor" value="Homebrew"/>
    <property name="sun.arch.data.model" value="64"/>
    <property name="java.vendor.url" value="https://github.com/Homebrew/homebrew-core/issues"/>
    <property name="user.timezone" value="Europe/Stockholm"/>
    <property name="org.jboss.logging.provider" value="slf4j"/>
    <property name="os.name" value="Mac OS X"/>
    <property name="java.vm.specification.version" value="21"/>
    <property name="sun.java.launcher" value="SUN_STANDARD"/>
    <property name="user.country" value="IN"/>
    <property name="sun.boot.library.path" value="/opt/homebrew/Cellar/openjdk/21.0.1/libexec/openjdk.jdk/Contents/Home/lib"/>
    <property name="sun.java.command" value="/Users/apple/Desktop/SpringLogin/backend/xavierb/target/surefire/surefirebooter-20240329201012035_3.jar /Users/apple/Desktop/SpringLogin/backend/xavierb/target/surefire 2024-03-29T20-10-11_867-jvmRun1 surefire-20240329201012035_1tmp surefire_0-20240329201012035_2tmp"/>
    <property name="http.nonProxyHosts" value="local|*.local|169.254/16|*.169.254/16"/>
    <property name="jdk.debug" value="release"/>
    <property name="surefire.test.class.path" value="/Users/apple/Desktop/SpringLogin/backend/xavierb/target/test-classes:/Users/apple/Desktop/SpringLogin/backend/xavierb/target/classes:/Users/apple/.m2/repository/org/springframework/boot/spring-boot-starter-web/3.3.0-M3/spring-boot-starter-web-3.3.0-M3.jar:/Users/apple/.m2/repository/org/springframework/boot/spring-boot-starter/3.3.0-M3/spring-boot-starter-3.3.0-M3.jar:/Users/apple/.m2/repository/org/springframework/boot/spring-boot-starter-logging/3.3.0-M3/spring-boot-starter-logging-3.3.0-M3.jar:/Users/apple/.m2/repository/ch/qos/logback/logback-classic/1.4.14/logback-classic-1.4.14.jar:/Users/apple/.m2/repository/ch/qos/logback/logback-core/1.4.14/logback-core-1.4.14.jar:/Users/apple/.m2/repository/org/apache/logging/log4j/log4j-to-slf4j/2.23.1/log4j-to-slf4j-2.23.1.jar:/Users/apple/.m2/repository/org/apache/logging/log4j/log4j-api/2.23.1/log4j-api-2.23.1.jar:/Users/apple/.m2/repository/org/slf4j/jul-to-slf4j/2.0.12/jul-to-slf4j-2.0.12.jar:/Users/apple/.m2/repository/jakarta/annotation/jakarta.annotation-api/2.1.1/jakarta.annotation-api-2.1.1.jar:/Users/apple/.m2/repository/org/yaml/snakeyaml/2.2/snakeyaml-2.2.jar:/Users/apple/.m2/repository/org/springframework/boot/spring-boot-starter-json/3.3.0-M3/spring-boot-starter-json-3.3.0-M3.jar:/Users/apple/.m2/repository/com/fasterxml/jackson/core/jackson-databind/2.17.0/jackson-databind-2.17.0.jar:/Users/apple/.m2/repository/com/fasterxml/jackson/core/jackson-annotations/2.17.0/jackson-annotations-2.17.0.jar:/Users/apple/.m2/repository/com/fasterxml/jackson/core/jackson-core/2.17.0/jackson-core-2.17.0.jar:/Users/apple/.m2/repository/com/fasterxml/jackson/datatype/jackson-datatype-jdk8/2.17.0/jackson-datatype-jdk8-2.17.0.jar:/Users/apple/.m2/repository/com/fasterxml/jackson/datatype/jackson-datatype-jsr310/2.17.0/jackson-datatype-jsr310-2.17.0.jar:/Users/apple/.m2/repository/com/fasterxml/jackson/module/jackson-module-parameter-names/2.17.0/jackson-module-parameter-names-2.17.0.jar:/Users/apple/.m2/repository/org/springframework/boot/spring-boot-starter-tomcat/3.3.0-M3/spring-boot-starter-tomcat-3.3.0-M3.jar:/Users/apple/.m2/repository/org/apache/tomcat/embed/tomcat-embed-core/10.1.19/tomcat-embed-core-10.1.19.jar:/Users/apple/.m2/repository/org/apache/tomcat/embed/tomcat-embed-el/10.1.19/tomcat-embed-el-10.1.19.jar:/Users/apple/.m2/repository/org/apache/tomcat/embed/tomcat-embed-websocket/10.1.19/tomcat-embed-websocket-10.1.19.jar:/Users/apple/.m2/repository/org/springframework/spring-web/6.1.5/spring-web-6.1.5.jar:/Users/apple/.m2/repository/org/springframework/spring-beans/6.1.5/spring-beans-6.1.5.jar:/Users/apple/.m2/repository/io/micrometer/micrometer-observation/1.13.0-M2/micrometer-observation-1.13.0-M2.jar:/Users/apple/.m2/repository/io/micrometer/micrometer-commons/1.13.0-M2/micrometer-commons-1.13.0-M2.jar:/Users/apple/.m2/repository/org/springframework/spring-webmvc/6.1.5/spring-webmvc-6.1.5.jar:/Users/apple/.m2/repository/org/springframework/spring-context/6.1.5/spring-context-6.1.5.jar:/Users/apple/.m2/repository/org/springframework/spring-expression/6.1.5/spring-expression-6.1.5.jar:/Users/apple/.m2/repository/org/springframework/boot/spring-boot-devtools/3.3.0-M3/spring-boot-devtools-3.3.0-M3.jar:/Users/apple/.m2/repository/org/springframework/boot/spring-boot/3.3.0-M3/spring-boot-3.3.0-M3.jar:/Users/apple/.m2/repository/org/springframework/boot/spring-boot-autoconfigure/3.3.0-M3/spring-boot-autoconfigure-3.3.0-M3.jar:/Users/apple/.m2/repository/org/springframework/boot/spring-boot-starter-test/3.3.0-M3/spring-boot-starter-test-3.3.0-M3.jar:/Users/apple/.m2/repository/org/springframework/boot/spring-boot-test/3.3.0-M3/spring-boot-test-3.3.0-M3.jar:/Users/apple/.m2/repository/org/springframework/boot/spring-boot-test-autoconfigure/3.3.0-M3/spring-boot-test-autoconfigure-3.3.0-M3.jar:/Users/apple/.m2/repository/com/jayway/jsonpath/json-path/2.9.0/json-path-2.9.0.jar:/Users/apple/.m2/repository/org/slf4j/slf4j-api/2.0.12/slf4j-api-2.0.12.jar:/Users/apple/.m2/repository/jakarta/xml/bind/jakarta.xml.bind-api/4.0.2/jakarta.xml.bind-api-4.0.2.jar:/Users/apple/.m2/repository/jakarta/activation/jakarta.activation-api/2.1.3/jakarta.activation-api-2.1.3.jar:/Users/apple/.m2/repository/net/minidev/json-smart/2.5.0/json-smart-2.5.0.jar:/Users/apple/.m2/repository/net/minidev/accessors-smart/2.5.0/accessors-smart-2.5.0.jar:/Users/apple/.m2/repository/org/ow2/asm/asm/9.3/asm-9.3.jar:/Users/apple/.m2/repository/org/assertj/assertj-core/3.25.3/assertj-core-3.25.3.jar:/Users/apple/.m2/repository/net/bytebuddy/byte-buddy/1.14.12/byte-buddy-1.14.12.jar:/Users/apple/.m2/repository/org/awaitility/awaitility/4.2.0/awaitility-4.2.0.jar:/Users/apple/.m2/repository/org/hamcrest/hamcrest/2.2/hamcrest-2.2.jar:/Users/apple/.m2/repository/org/junit/jupiter/junit-jupiter/5.10.2/junit-jupiter-5.10.2.jar:/Users/apple/.m2/repository/org/junit/jupiter/junit-jupiter-api/5.10.2/junit-jupiter-api-5.10.2.jar:/Users/apple/.m2/repository/org/opentest4j/opentest4j/1.3.0/opentest4j-1.3.0.jar:/Users/apple/.m2/repository/org/junit/platform/junit-platform-commons/1.10.2/junit-platform-commons-1.10.2.jar:/Users/apple/.m2/repository/org/apiguardian/apiguardian-api/1.1.2/apiguardian-api-1.1.2.jar:/Users/apple/.m2/repository/org/junit/jupiter/junit-jupiter-params/5.10.2/junit-jupiter-params-5.10.2.jar:/Users/apple/.m2/repository/org/junit/jupiter/junit-jupiter-engine/5.10.2/junit-jupiter-engine-5.10.2.jar:/Users/apple/.m2/repository/org/junit/platform/junit-platform-engine/1.10.2/junit-platform-engine-1.10.2.jar:/Users/apple/.m2/repository/org/mockito/mockito-core/5.11.0/mockito-core-5.11.0.jar:/Users/apple/.m2/repository/net/bytebuddy/byte-buddy-agent/1.14.12/byte-buddy-agent-1.14.12.jar:/Users/apple/.m2/repository/org/objenesis/objenesis/3.3/objenesis-3.3.jar:/Users/apple/.m2/repository/org/mockito/mockito-junit-jupiter/5.11.0/mockito-junit-jupiter-5.11.0.jar:/Users/apple/.m2/repository/org/skyscreamer/jsonassert/1.5.1/jsonassert-1.5.1.jar:/Users/apple/.m2/repository/com/vaadin/external/google/android-json/0.0.20131108.vaadin1/android-json-0.0.20131108.vaadin1.jar:/Users/apple/.m2/repository/org/springframework/spring-core/6.1.5/spring-core-6.1.5.jar:/Users/apple/.m2/repository/org/springframework/spring-jcl/6.1.5/spring-jcl-6.1.5.jar:/Users/apple/.m2/repository/org/springframework/spring-test/6.1.5/spring-test-6.1.5.jar:/Users/apple/.m2/repository/org/xmlunit/xmlunit-core/2.9.1/xmlunit-core-2.9.1.jar:/Users/apple/.m2/repository/org/springframework/boot/spring-boot-starter-security/3.3.0-M3/spring-boot-starter-security-3.3.0-M3.jar:/Users/apple/.m2/repository/org/springframework/spring-aop/6.1.5/spring-aop-6.1.5.jar:/Users/apple/.m2/repository/org/springframework/security/spring-security-config/6.3.0-M3/spring-security-config-6.3.0-M3.jar:/Users/apple/.m2/repository/org/springframework/security/spring-security-core/6.3.0-M3/spring-security-core-6.3.0-M3.jar:/Users/apple/.m2/repository/org/springframework/security/spring-security-crypto/6.3.0-M3/spring-security-crypto-6.3.0-M3.jar:/Users/apple/.m2/repository/org/springframework/security/spring-security-web/6.3.0-M3/spring-security-web-6.3.0-M3.jar:/Users/apple/.m2/repository/com/h2database/h2/2.2.224/h2-2.2.224.jar:/Users/apple/.m2/repository/org/springframework/boot/spring-boot-starter-data-jpa/3.3.0-M3/spring-boot-starter-data-jpa-3.3.0-M3.jar:/Users/apple/.m2/repository/org/springframework/boot/spring-boot-starter-aop/3.3.0-M3/spring-boot-starter-aop-3.3.0-M3.jar:/Users/apple/.m2/repository/org/aspectj/aspectjweaver/1.9.21/aspectjweaver-1.9.21.jar:/Users/apple/.m2/repository/org/springframework/boot/spring-boot-starter-jdbc/3.3.0-M3/spring-boot-starter-jdbc-3.3.0-M3.jar:/Users/apple/.m2/repository/com/zaxxer/HikariCP/5.1.0/HikariCP-5.1.0.jar:/Users/apple/.m2/repository/org/springframework/spring-jdbc/6.1.5/spring-jdbc-6.1.5.jar:/Users/apple/.m2/repository/org/hibernate/orm/hibernate-core/6.4.4.Final/hibernate-core-6.4.4.Final.jar:/Users/apple/.m2/repository/jakarta/persistence/jakarta.persistence-api/3.1.0/jakarta.persistence-api-3.1.0.jar:/Users/apple/.m2/repository/jakarta/transaction/jakarta.transaction-api/2.0.1/jakarta.transaction-api-2.0.1.jar:/Users/apple/.m2/repository/org/jboss/logging/jboss-logging/3.5.3.Final/jboss-logging-3.5.3.Final.jar:/Users/apple/.m2/repository/org/hibernate/common/hibernate-commons-annotations/6.0.6.Final/hibernate-commons-annotations-6.0.6.Final.jar:/Users/apple/.m2/repository/io/smallrye/jandex/3.1.2/jandex-3.1.2.jar:/Users/apple/.m2/repository/com/fasterxml/classmate/1.7.0/classmate-1.7.0.jar:/Users/apple/.m2/repository/org/glassfish/jaxb/jaxb-runtime/4.0.5/jaxb-runtime-4.0.5.jar:/Users/apple/.m2/repository/org/glassfish/jaxb/jaxb-core/4.0.5/jaxb-core-4.0.5.jar:/Users/apple/.m2/repository/org/eclipse/angus/angus-activation/2.0.2/angus-activation-2.0.2.jar:/Users/apple/.m2/repository/org/glassfish/jaxb/txw2/4.0.5/txw2-4.0.5.jar:/Users/apple/.m2/repository/com/sun/istack/istack-commons-runtime/4.1.2/istack-commons-runtime-4.1.2.jar:/Users/apple/.m2/repository/jakarta/inject/jakarta.inject-api/2.0.1/jakarta.inject-api-2.0.1.jar:/Users/apple/.m2/repository/org/antlr/antlr4-runtime/4.13.0/antlr4-runtime-4.13.0.jar:/Users/apple/.m2/repository/org/springframework/data/spring-data-jpa/3.3.0-M2/spring-data-jpa-3.3.0-M2.jar:/Users/apple/.m2/repository/org/springframework/data/spring-data-commons/3.3.0-M2/spring-data-commons-3.3.0-M2.jar:/Users/apple/.m2/repository/org/springframework/spring-orm/6.1.5/spring-orm-6.1.5.jar:/Users/apple/.m2/repository/org/springframework/spring-tx/6.1.5/spring-tx-6.1.5.jar:/Users/apple/.m2/repository/org/springframework/spring-aspects/6.1.5/spring-aspects-6.1.5.jar:"/>
    <property name="sun.cpu.endian" value="little"/>
    <property name="user.home" value="/Users/apple"/>
    <property name="user.language" value="en"/>
    <property name="java.specification.vendor" value="Oracle Corporation"/>
    <property name="java.version.date" value="2023-10-17"/>
    <property name="java.home" value="/opt/homebrew/Cellar/openjdk/21.0.1/libexec/openjdk.jdk/Contents/Home"/>
    <property name="file.separator" value="/"/>
    <property name="basedir" value="/Users/apple/Desktop/SpringLogin/backend/xavierb"/>
    <property name="java.vm.compressedOopsMode" value="Zero based"/>
    <property name="line.separator" value="&#10;"/>
    <property name="java.vm.specification.vendor" value="Oracle Corporation"/>
    <property name="java.specification.name" value="Java Platform API Specification"/>
    <property name="FILE_LOG_CHARSET" value="UTF-8"/>
    <property name="java.awt.headless" value="true"/>
    <property name="apple.awt.application.name" value="ForkedBooter"/>
    <property name="surefire.real.class.path" value="/Users/apple/Desktop/SpringLogin/backend/xavierb/target/surefire/surefirebooter-20240329201012035_3.jar"/>
    <property name="sun.management.compiler" value="HotSpot 64-Bit Tiered Compilers"/>
    <property name="ftp.nonProxyHosts" value="local|*.local|169.254/16|*.169.254/16"/>
    <property name="java.runtime.version" value="21.0.1"/>
    <property name="user.name" value="apple"/>
    <property name="stdout.encoding" value="UTF-8"/>
    <property name="path.separator" value=":"/>
    <property name="os.version" value="14.3.1"/>
    <property name="java.runtime.name" value="OpenJDK Runtime Environment"/>
    <property name="file.encoding" value="UTF-8"/>
    <property name="java.vm.name" value="OpenJDK 64-Bit Server VM"/>
    <property name="java.vendor.version" value="Homebrew"/>
    <property name="localRepository" value="/Users/apple/.m2/repository"/>
    <property name="java.vendor.url.bug" value="https://github.com/Homebrew/homebrew-core/issues"/>
    <property name="java.io.tmpdir" value="/var/folders/lc/d6lzp0s10356lc0t65pts0q80000gn/T/"/>
    <property name="com.zaxxer.hikari.pool_number" value="1"/>
    <property name="java.version" value="21.0.1"/>
    <property name="user.dir" value="/Users/apple/Desktop/SpringLogin/backend/xavierb"/>
    <property name="os.arch" value="aarch64"/>
    <property name="java.vm.specification.name" value="Java Virtual Machine Specification"/>
    <property name="PID" value="54593"/>
    <property name="CONSOLE_LOG_CHARSET" value="UTF-8"/>
    <property name="native.encoding" value="UTF-8"/>
    <property name="java.library.path" value="/Users/apple/Library/Java/Extensions:/Library/Java/Extensions:/Network/Library/Java/Extensions:/System/Library/Java/Extensions:/usr/lib/java:."/>
    <property name="java.vm.info" value="mixed mode, sharing"/>
    <property name="stderr.encoding" value="UTF-8"/>
    <property name="java.vendor" value="Homebrew"/>
    <property name="java.vm.version" value="21.0.1"/>
    <property name="sun.io.unicode.encoding" value="UnicodeBig"/>
    <property name="socksNonProxyHosts" value="local|*.local|169.254/16|*.169.254/16"/>
    <property name="java.class.version" value="65.0"/>
    <property name="LOGGED_APPLICATION_NAME" value="[xavier] "/>
  </properties>
  <testcase name="contextLoads" classname="com.example.xavier.XavierApplicationTests" time="0.964">
    <system-out><![CDATA[20:10:13.585 [main] INFO org.springframework.test.context.support.AnnotationConfigContextLoaderUtils -- Could not detect default configuration classes for test class [com.example.xavier.XavierApplicationTests]: XavierApplicationTests does not declare any static, non-private, non-final, nested classes annotated with @Configuration.
20:10:13.759 [main] INFO org.springframework.boot.test.context.SpringBootTestContextBootstrapper -- Found @SpringBootConfiguration com.example.xavier.XavierApplication for test class com.example.xavier.XavierApplicationTests
20:10:14.023 [main] INFO org.springframework.boot.devtools.restart.RestartApplicationListener -- Restart disabled due to context in which it is running
  .   ____          _            __ _ _
 /\\ / ___'_ __ _ _(_)_ __  __ _ \ \ \ \
( ( )\___ | '_ | '_| | '_ \/ _` | \ \ \ \
 \\/  ___)| |_)| | | | | || (_| |  ) ) ) )
  '  |____| .__|_| |_|_| |_\__, | / / / /
 =========|_|==============|___/=/_/_/_/

 :: Spring Boot ::             (v3.3.0-M3)

2024-03-29T20:10:14.433+01:00  INFO 54593 --- [xavier] [           main] c.example.xavier.XavierApplicationTests  : Starting XavierApplicationTests using Java 21.0.1 with PID 54593 (started by apple in /Users/apple/Desktop/SpringLogin/backend/xavierb)
2024-03-29T20:10:14.438+01:00  INFO 54593 --- [xavier] [           main] c.example.xavier.XavierApplicationTests  : No active profile set, falling back to 1 default profile: "default"
2024-03-29T20:10:15.988+01:00  INFO 54593 --- [xavier] [           main] .s.d.r.c.RepositoryConfigurationDelegate : Bootstrapping Spring Data JPA repositories in DEFAULT mode.
2024-03-29T20:10:16.123+01:00  INFO 54593 --- [xavier] [           main] .s.d.r.c.RepositoryConfigurationDelegate : Finished Spring Data repository scanning in 119 ms. Found 1 JPA repository interface.
2024-03-29T20:10:17.562+01:00  INFO 54593 --- [xavier] [           main] com.zaxxer.hikari.HikariDataSource       : HikariPool-1 - Starting...
2024-03-29T20:10:18.010+01:00  INFO 54593 --- [xavier] [           main] com.zaxxer.hikari.pool.HikariPool        : HikariPool-1 - Added connection conn0: url=jdbc:h2:mem:testdb user=SA
2024-03-29T20:10:18.012+01:00  INFO 54593 --- [xavier] [           main] com.zaxxer.hikari.HikariDataSource       : HikariPool-1 - Start completed.
2024-03-29T20:10:18.122+01:00  INFO 54593 --- [xavier] [           main] o.hibernate.jpa.internal.util.LogHelper  : HHH000204: Processing PersistenceUnitInfo [name: default]
2024-03-29T20:10:18.339+01:00  INFO 54593 --- [xavier] [           main] org.hibernate.Version                    : HHH000412: Hibernate ORM core version 6.4.4.Final
2024-03-29T20:10:18.499+01:00  INFO 54593 --- [xavier] [           main] o.h.c.internal.RegionFactoryInitiator    : HHH000026: Second-level cache disabled
2024-03-29T20:10:18.939+01:00  INFO 54593 --- [xavier] [           main] o.s.o.j.p.SpringPersistenceUnitInfo      : No LoadTimeWeaver setup: ignoring JPA class transformer
2024-03-29T20:10:20.995+01:00  INFO 54593 --- [xavier] [           main] o.h.e.t.j.p.i.JtaPlatformInitiator       : HHH000489: No JTA platform available (set 'hibernate.transaction.jta.platform' to enable JTA platform integration)
2024-03-29T20:10:21.061+01:00  INFO 54593 --- [xavier] [           main] j.LocalContainerEntityManagerFactoryBean : Initialized JPA EntityManagerFactory for persistence unit 'default'
2024-03-29T20:10:21.986+01:00  WARN 54593 --- [xavier] [           main] JpaBaseConfiguration$JpaWebConfiguration : spring.jpa.open-in-view is enabled by default. Therefore, database queries may be performed during view rendering. Explicitly configure spring.jpa.open-in-view to disable this warning
2024-03-29T20:10:22.811+01:00  INFO 54593 --- [xavier] [           main] o.s.s.web.DefaultSecurityFilterChain     : Will secure any request with [org.springframework.security.web.session.DisableEncodeUrlFilter@63b2418e, org.springframework.security.web.context.request.async.WebAsyncManagerIntegrationFilter@70d16858, org.springframework.security.web.context.SecurityContextHolderFilter@2571bdf4, org.springframework.security.web.header.HeaderWriterFilter@7833407, org.springframework.web.filter.CorsFilter@789f5552, org.springframework.security.web.authentication.logout.LogoutFilter@3cf7433e, org.springframework.security.web.authentication.www.BasicAuthenticationFilter@4c9bed65, org.springframework.security.web.savedrequest.RequestCacheAwareFilter@7e5e7753, org.springframework.security.web.servletapi.SecurityContextHolderAwareRequestFilter@11678469, org.springframework.security.web.authentication.AnonymousAuthenticationFilter@28c00acd, org.springframework.security.web.session.SessionManagementFilter@5cff6d1d, org.springframework.security.web.access.ExceptionTranslationFilter@5b53c3c5, org.springframework.security.web.access.intercept.AuthorizationFilter@48d24d63]
2024-03-29T20:10:23.533+01:00  INFO 54593 --- [xavier] [           main] o.s.b.a.h2.H2ConsoleAutoConfiguration    : H2 console available at '/h2-console'. Database available at 'jdbc:h2:mem:testdb'
2024-03-29T20:10:23.663+01:00  INFO 54593 --- [xavier] [           main] c.example.xavier.XavierApplicationTests  : Started XavierApplicationTests in 9.671 seconds (process running for 11.445)
]]></system-out>
    <system-err><![CDATA[WARNING: A Java agent has been loaded dynamically (/Users/apple/.m2/repository/net/bytebuddy/byte-buddy-agent/1.14.12/byte-buddy-agent-1.14.12.jar)
WARNING: If a serviceability tool is in use, please run with -XX:+EnableDynamicAgentLoading to hide this warning
WARNING: If a serviceability tool is not in use, please run with -Djdk.instrument.traceUsage for more information
WARNING: Dynamic loading of agents will be disallowed by default in a future release
]]></system-err>
  </testcase>
</testsuite>